<?xml version="1.0" encoding="UTF-8"?>
<!-- Generated by org.testng.reporters.JUnitReportReporter -->
<testsuite hostname="LAPTOP-GCEPLDKO" failures="0" tests="1" name="opencart.testrunnerr.TestRunner" time="6.602" errors="0" timestamp="2022-03-06T20:20:05 PST" skipped="0">
  <testcase classname="opencart.testrunnerr.TestRunner" name="feature" time="6.602"/>
  <system-out/>
</testsuite> <!-- opencart.testrunnerr.TestRunner -->
